{"C:\\Users\\domin\\Documents\\My_projects\\UDEMY_REACT_ZERO_TO_MASTERY_2020\\crown-clothing\\client\\src\\components\\cart-dropdown\\cart-dropdown.component.jsx": {"path":"C:\\Users\\domin\\Documents\\My_projects\\UDEMY_REACT_ZERO_TO_MASTERY_2020\\crown-clothing\\client\\src\\components\\cart-dropdown\\cart-dropdown.component.jsx","statementMap":{"0":{"start":{"line":17,"column":28},"end":{"line":37,"column":1}},"1":{"start":{"line":18,"column":1},"end":{"line":36,"column":25}},"2":{"start":{"line":22,"column":5},"end":{"line":22,"column":51}},"3":{"start":{"line":30,"column":4},"end":{"line":30,"column":30}},"4":{"start":{"line":31,"column":4},"end":{"line":31,"column":33}},"5":{"start":{"line":39,"column":24},"end":{"line":41,"column":2}}},"fnMap":{"0":{"name":"(anonymous_0)","decl":{"start":{"line":17,"column":28},"end":{"line":17,"column":29}},"loc":{"start":{"line":18,"column":1},"end":{"line":36,"column":25}},"line":18},"1":{"name":"(anonymous_1)","decl":{"start":{"line":21,"column":18},"end":{"line":21,"column":19}},"loc":{"start":{"line":22,"column":5},"end":{"line":22,"column":51}},"line":22},"2":{"name":"(anonymous_2)","decl":{"start":{"line":29,"column":12},"end":{"line":29,"column":13}},"loc":{"start":{"line":29,"column":18},"end":{"line":32,"column":4}},"line":29}},"branchMap":{"0":{"loc":{"start":{"line":20,"column":4},"end":{"line":26,"column":4}},"type":"cond-expr","locations":[{"start":{"line":21,"column":4},"end":{"line":23,"column":6}},{"start":{"line":25,"column":4},"end":{"line":25,"column":69}}],"line":20}},"s":{"0":2,"1":5,"2":12,"3":1,"4":1,"5":2},"f":{"0":5,"1":12,"2":1},"b":{"0":[4,1]},"_coverageSchema":"43e27e138ebf9cfc5966b082cf9a028302ed4184","hash":"0766c30560b7cf698fff478b039cd7256b670300"}
,"C:\\Users\\domin\\Documents\\My_projects\\UDEMY_REACT_ZERO_TO_MASTERY_2020\\crown-clothing\\client\\src\\components\\cart-dropdown\\cart-dropdown.styles.jsx": {"path":"C:\\Users\\domin\\Documents\\My_projects\\UDEMY_REACT_ZERO_TO_MASTERY_2020\\crown-clothing\\client\\src\\components\\cart-dropdown\\cart-dropdown.styles.jsx","statementMap":{"0":{"start":{"line":4,"column":37},"end":{"line":16,"column":1}},"1":{"start":{"line":18,"column":34},"end":{"line":20,"column":1}},"2":{"start":{"line":22,"column":0},"end":{"line":22,"column":54}},"3":{"start":{"line":24,"column":37},"end":{"line":27,"column":1}},"4":{"start":{"line":29,"column":0},"end":{"line":29,"column":60}},"5":{"start":{"line":31,"column":34},"end":{"line":36,"column":1}}},"fnMap":{},"branchMap":{},"s":{"0":2,"1":2,"2":2,"3":2,"4":2,"5":2},"f":{},"b":{},"_coverageSchema":"43e27e138ebf9cfc5966b082cf9a028302ed4184","hash":"1ae99c1877127962ea470e3f024766489c601f34"}
,"C:\\Users\\domin\\Documents\\My_projects\\UDEMY_REACT_ZERO_TO_MASTERY_2020\\crown-clothing\\client\\src\\components\\cart-icon\\cart-icon.component.jsx": {"path":"C:\\Users\\domin\\Documents\\My_projects\\UDEMY_REACT_ZERO_TO_MASTERY_2020\\crown-clothing\\client\\src\\components\\cart-icon\\cart-icon.component.jsx","statementMap":{"0":{"start":{"line":14,"column":24},"end":{"line":19,"column":1}},"1":{"start":{"line":15,"column":1},"end":{"line":18,"column":17}},"2":{"start":{"line":21,"column":27},"end":{"line":23,"column":2}},"3":{"start":{"line":21,"column":40},"end":{"line":23,"column":1}},"4":{"start":{"line":22,"column":25},"end":{"line":22,"column":53}},"5":{"start":{"line":25,"column":24},"end":{"line":27,"column":2}}},"fnMap":{"0":{"name":"(anonymous_0)","decl":{"start":{"line":14,"column":24},"end":{"line":14,"column":25}},"loc":{"start":{"line":15,"column":1},"end":{"line":18,"column":17}},"line":15},"1":{"name":"(anonymous_1)","decl":{"start":{"line":21,"column":27},"end":{"line":21,"column":28}},"loc":{"start":{"line":21,"column":40},"end":{"line":23,"column":1}},"line":21},"2":{"name":"(anonymous_2)","decl":{"start":{"line":22,"column":19},"end":{"line":22,"column":20}},"loc":{"start":{"line":22,"column":25},"end":{"line":22,"column":53}},"line":22}},"branchMap":{},"s":{"0":2,"1":3,"2":2,"3":0,"4":0,"5":2},"f":{"0":3,"1":0,"2":0},"b":{},"_coverageSchema":"43e27e138ebf9cfc5966b082cf9a028302ed4184","hash":"955f655482cc0fd6554ecd695eb6d260a9469093"}
,"C:\\Users\\domin\\Documents\\My_projects\\UDEMY_REACT_ZERO_TO_MASTERY_2020\\crown-clothing\\client\\src\\components\\cart-icon\\cart-icon.styles.jsx": {"path":"C:\\Users\\domin\\Documents\\My_projects\\UDEMY_REACT_ZERO_TO_MASTERY_2020\\crown-clothing\\client\\src\\components\\cart-icon\\cart-icon.styles.jsx","statementMap":{"0":{"start":{"line":5,"column":29},"end":{"line":13,"column":1}},"1":{"start":{"line":15,"column":0},"end":{"line":15,"column":44}},"2":{"start":{"line":17,"column":28},"end":{"line":20,"column":1}},"3":{"start":{"line":22,"column":34},"end":{"line":27,"column":1}},"4":{"start":{"line":29,"column":0},"end":{"line":29,"column":54}}},"fnMap":{},"branchMap":{},"s":{"0":2,"1":2,"2":2,"3":2,"4":2},"f":{},"b":{},"_coverageSchema":"43e27e138ebf9cfc5966b082cf9a028302ed4184","hash":"0da06f382c290d6e3e4c122348bc177f026f64ba"}
,"C:\\Users\\domin\\Documents\\My_projects\\UDEMY_REACT_ZERO_TO_MASTERY_2020\\crown-clothing\\client\\src\\components\\checkout-item\\checkout-item.component.jsx": {"path":"C:\\Users\\domin\\Documents\\My_projects\\UDEMY_REACT_ZERO_TO_MASTERY_2020\\crown-clothing\\client\\src\\components\\checkout-item\\checkout-item.component.jsx","statementMap":{"0":{"start":{"line":18,"column":28},"end":{"line":37,"column":1}},"1":{"start":{"line":19,"column":45},"end":{"line":19,"column":53}},"2":{"start":{"line":20,"column":1},"end":{"line":36,"column":3}},"3":{"start":{"line":27,"column":24},"end":{"line":27,"column":44}},"4":{"start":{"line":29,"column":24},"end":{"line":29,"column":41}},"5":{"start":{"line":32,"column":41},"end":{"line":32,"column":60}},"6":{"start":{"line":39,"column":27},"end":{"line":43,"column":2}},"7":{"start":{"line":39,"column":40},"end":{"line":43,"column":1}},"8":{"start":{"line":40,"column":20},"end":{"line":40,"column":53}},"9":{"start":{"line":41,"column":18},"end":{"line":41,"column":41}},"10":{"start":{"line":42,"column":21},"end":{"line":42,"column":47}}},"fnMap":{"0":{"name":"(anonymous_0)","decl":{"start":{"line":18,"column":28},"end":{"line":18,"column":29}},"loc":{"start":{"line":18,"column":78},"end":{"line":37,"column":1}},"line":18},"1":{"name":"(anonymous_1)","decl":{"start":{"line":27,"column":18},"end":{"line":27,"column":19}},"loc":{"start":{"line":27,"column":24},"end":{"line":27,"column":44}},"line":27},"2":{"name":"(anonymous_2)","decl":{"start":{"line":29,"column":18},"end":{"line":29,"column":19}},"loc":{"start":{"line":29,"column":24},"end":{"line":29,"column":41}},"line":29},"3":{"name":"(anonymous_3)","decl":{"start":{"line":32,"column":35},"end":{"line":32,"column":36}},"loc":{"start":{"line":32,"column":41},"end":{"line":32,"column":60}},"line":32},"4":{"name":"(anonymous_4)","decl":{"start":{"line":39,"column":27},"end":{"line":39,"column":28}},"loc":{"start":{"line":39,"column":40},"end":{"line":43,"column":1}},"line":39},"5":{"name":"(anonymous_5)","decl":{"start":{"line":40,"column":12},"end":{"line":40,"column":13}},"loc":{"start":{"line":40,"column":20},"end":{"line":40,"column":53}},"line":40},"6":{"name":"(anonymous_6)","decl":{"start":{"line":41,"column":10},"end":{"line":41,"column":11}},"loc":{"start":{"line":41,"column":18},"end":{"line":41,"column":41}},"line":41},"7":{"name":"(anonymous_7)","decl":{"start":{"line":42,"column":13},"end":{"line":42,"column":14}},"loc":{"start":{"line":42,"column":21},"end":{"line":42,"column":47}},"line":42}},"branchMap":{},"s":{"0":2,"1":4,"2":4,"3":1,"4":1,"5":1,"6":2,"7":0,"8":0,"9":0,"10":0},"f":{"0":4,"1":1,"2":1,"3":1,"4":0,"5":0,"6":0,"7":0},"b":{},"_coverageSchema":"43e27e138ebf9cfc5966b082cf9a028302ed4184","hash":"0a953fb7f15cb3861957c00ada0fe67f79e75a18"}
,"C:\\Users\\domin\\Documents\\My_projects\\UDEMY_REACT_ZERO_TO_MASTERY_2020\\crown-clothing\\client\\src\\components\\checkout-item\\checkout-item.styles.jsx": {"path":"C:\\Users\\domin\\Documents\\My_projects\\UDEMY_REACT_ZERO_TO_MASTERY_2020\\crown-clothing\\client\\src\\components\\checkout-item\\checkout-item.styles.jsx","statementMap":{"0":{"start":{"line":3,"column":37},"end":{"line":14,"column":1}},"1":{"start":{"line":16,"column":30},"end":{"line":23,"column":1}},"2":{"start":{"line":25,"column":29},"end":{"line":30,"column":1}},"3":{"start":{"line":32,"column":33},"end":{"line":40,"column":1}},"4":{"start":{"line":42,"column":0},"end":{"line":42,"column":52}},"5":{"start":{"line":44,"column":37},"end":{"line":47,"column":1}},"6":{"start":{"line":49,"column":0},"end":{"line":49,"column":60}}},"fnMap":{},"branchMap":{},"s":{"0":2,"1":2,"2":2,"3":2,"4":2,"5":2,"6":2},"f":{},"b":{},"_coverageSchema":"43e27e138ebf9cfc5966b082cf9a028302ed4184","hash":"486e98a92c9de50250ad7663697172f942485b9b"}
,"C:\\Users\\domin\\Documents\\My_projects\\UDEMY_REACT_ZERO_TO_MASTERY_2020\\crown-clothing\\client\\src\\components\\collection-item\\collection-item.component.jsx": {"path":"C:\\Users\\domin\\Documents\\My_projects\\UDEMY_REACT_ZERO_TO_MASTERY_2020\\crown-clothing\\client\\src\\components\\collection-item\\collection-item.component.jsx","statementMap":{"0":{"start":{"line":15,"column":30},"end":{"line":30,"column":1}},"1":{"start":{"line":16,"column":35},"end":{"line":16,"column":39}},"2":{"start":{"line":18,"column":1},"end":{"line":29,"column":3}},"3":{"start":{"line":25,"column":29},"end":{"line":25,"column":42}},"4":{"start":{"line":32,"column":27},"end":{"line":34,"column":2}},"5":{"start":{"line":32,"column":40},"end":{"line":34,"column":1}},"6":{"start":{"line":33,"column":18},"end":{"line":33,"column":41}}},"fnMap":{"0":{"name":"(anonymous_0)","decl":{"start":{"line":15,"column":30},"end":{"line":15,"column":31}},"loc":{"start":{"line":15,"column":53},"end":{"line":30,"column":1}},"line":15},"1":{"name":"(anonymous_1)","decl":{"start":{"line":25,"column":23},"end":{"line":25,"column":24}},"loc":{"start":{"line":25,"column":29},"end":{"line":25,"column":42}},"line":25},"2":{"name":"(anonymous_2)","decl":{"start":{"line":32,"column":27},"end":{"line":32,"column":28}},"loc":{"start":{"line":32,"column":40},"end":{"line":34,"column":1}},"line":32},"3":{"name":"(anonymous_3)","decl":{"start":{"line":33,"column":10},"end":{"line":33,"column":11}},"loc":{"start":{"line":33,"column":18},"end":{"line":33,"column":41}},"line":33}},"branchMap":{},"s":{"0":5,"1":5,"2":5,"3":1,"4":5,"5":0,"6":0},"f":{"0":5,"1":1,"2":0,"3":0},"b":{},"_coverageSchema":"43e27e138ebf9cfc5966b082cf9a028302ed4184","hash":"430e1dfea2fb46d17e74f4bb526c6471736686cb"}
,"C:\\Users\\domin\\Documents\\My_projects\\UDEMY_REACT_ZERO_TO_MASTERY_2020\\crown-clothing\\client\\src\\components\\collection-item\\collection-item.styles.jsx": {"path":"C:\\Users\\domin\\Documents\\My_projects\\UDEMY_REACT_ZERO_TO_MASTERY_2020\\crown-clothing\\client\\src\\components\\collection-item\\collection-item.styles.jsx","statementMap":{"0":{"start":{"line":4,"column":39},"end":{"line":31,"column":1}},"1":{"start":{"line":33,"column":25},"end":{"line":45,"column":1}},"2":{"start":{"line":47,"column":0},"end":{"line":47,"column":36}},"3":{"start":{"line":49,"column":31},"end":{"line":56,"column":1}},"4":{"start":{"line":55,"column":39},"end":{"line":55,"column":57}},"5":{"start":{"line":58,"column":0},"end":{"line":58,"column":48}},"6":{"start":{"line":60,"column":41},"end":{"line":66,"column":1}},"7":{"start":{"line":68,"column":0},"end":{"line":68,"column":68}},"8":{"start":{"line":70,"column":29},"end":{"line":73,"column":1}},"9":{"start":{"line":75,"column":0},"end":{"line":75,"column":44}},"10":{"start":{"line":77,"column":30},"end":{"line":80,"column":1}},"11":{"start":{"line":82,"column":0},"end":{"line":82,"column":46}}},"fnMap":{"0":{"name":"(anonymous_0)","decl":{"start":{"line":55,"column":21},"end":{"line":55,"column":22}},"loc":{"start":{"line":55,"column":39},"end":{"line":55,"column":57}},"line":55}},"branchMap":{},"s":{"0":5,"1":5,"2":5,"3":5,"4":0,"5":5,"6":5,"7":5,"8":5,"9":5,"10":5,"11":5},"f":{"0":0},"b":{},"_coverageSchema":"43e27e138ebf9cfc5966b082cf9a028302ed4184","hash":"90197b5fec59a1ee6dab17105379a2983e8b00dd"}
,"C:\\Users\\domin\\Documents\\My_projects\\UDEMY_REACT_ZERO_TO_MASTERY_2020\\crown-clothing\\client\\src\\components\\collection-preview\\collection-preview.component.jsx": {"path":"C:\\Users\\domin\\Documents\\My_projects\\UDEMY_REACT_ZERO_TO_MASTERY_2020\\crown-clothing\\client\\src\\components\\collection-preview\\collection-preview.component.jsx","statementMap":{"0":{"start":{"line":12,"column":33},"end":{"line":31,"column":1}},"1":{"start":{"line":19,"column":1},"end":{"line":30,"column":30}},"2":{"start":{"line":20,"column":33},"end":{"line":20,"column":75}},"3":{"start":{"line":25,"column":27},"end":{"line":25,"column":34}},"4":{"start":{"line":27,"column":5},"end":{"line":27,"column":49}}},"fnMap":{"0":{"name":"(anonymous_0)","decl":{"start":{"line":12,"column":33},"end":{"line":12,"column":34}},"loc":{"start":{"line":19,"column":1},"end":{"line":30,"column":30}},"line":19},"1":{"name":"(anonymous_1)","decl":{"start":{"line":20,"column":27},"end":{"line":20,"column":28}},"loc":{"start":{"line":20,"column":33},"end":{"line":20,"column":75}},"line":20},"2":{"name":"(anonymous_2)","decl":{"start":{"line":25,"column":12},"end":{"line":25,"column":13}},"loc":{"start":{"line":25,"column":27},"end":{"line":25,"column":34}},"line":25},"3":{"name":"(anonymous_3)","decl":{"start":{"line":26,"column":9},"end":{"line":26,"column":10}},"loc":{"start":{"line":27,"column":5},"end":{"line":27,"column":49}},"line":27}},"branchMap":{},"s":{"0":3,"1":2,"2":1,"3":0,"4":0},"f":{"0":2,"1":1,"2":0,"3":0},"b":{},"_coverageSchema":"43e27e138ebf9cfc5966b082cf9a028302ed4184","hash":"7abd85089148db4927c8f0b1481debace5b75789"}
,"C:\\Users\\domin\\Documents\\My_projects\\UDEMY_REACT_ZERO_TO_MASTERY_2020\\crown-clothing\\client\\src\\components\\collection-preview\\collection-preview.styles.jsx": {"path":"C:\\Users\\domin\\Documents\\My_projects\\UDEMY_REACT_ZERO_TO_MASTERY_2020\\crown-clothing\\client\\src\\components\\collection-preview\\collection-preview.styles.jsx","statementMap":{"0":{"start":{"line":3,"column":42},"end":{"line":10,"column":1}},"1":{"start":{"line":12,"column":30},"end":{"line":19,"column":1}},"2":{"start":{"line":21,"column":0},"end":{"line":21,"column":46}},"3":{"start":{"line":23,"column":32},"end":{"line":31,"column":1}}},"fnMap":{},"branchMap":{},"s":{"0":3,"1":3,"2":3,"3":3},"f":{},"b":{},"_coverageSchema":"43e27e138ebf9cfc5966b082cf9a028302ed4184","hash":"b1efa2c26436c245017dd4ec213a4632e4108e0a"}
,"C:\\Users\\domin\\Documents\\My_projects\\UDEMY_REACT_ZERO_TO_MASTERY_2020\\crown-clothing\\client\\src\\components\\collections-overview\\collections-overview.component.jsx": {"path":"C:\\Users\\domin\\Documents\\My_projects\\UDEMY_REACT_ZERO_TO_MASTERY_2020\\crown-clothing\\client\\src\\components\\collections-overview\\collections-overview.component.jsx","statementMap":{"0":{"start":{"line":11,"column":35},"end":{"line":17,"column":1}},"1":{"start":{"line":12,"column":1},"end":{"line":16,"column":32}},"2":{"start":{"line":14,"column":3},"end":{"line":14,"column":59}},"3":{"start":{"line":19,"column":24},"end":{"line":21,"column":2}}},"fnMap":{"0":{"name":"(anonymous_0)","decl":{"start":{"line":11,"column":35},"end":{"line":11,"column":36}},"loc":{"start":{"line":12,"column":1},"end":{"line":16,"column":32}},"line":12},"1":{"name":"(anonymous_1)","decl":{"start":{"line":13,"column":19},"end":{"line":13,"column":20}},"loc":{"start":{"line":14,"column":3},"end":{"line":14,"column":59}},"line":14}},"branchMap":{},"s":{"0":2,"1":1,"2":0,"3":2},"f":{"0":1,"1":0},"b":{},"_coverageSchema":"43e27e138ebf9cfc5966b082cf9a028302ed4184","hash":"69651c319c951641adad76618ab40a18efb55fd5"}
,"C:\\Users\\domin\\Documents\\My_projects\\UDEMY_REACT_ZERO_TO_MASTERY_2020\\crown-clothing\\client\\src\\components\\custom-button\\custom-button.component.jsx": {"path":"C:\\Users\\domin\\Documents\\My_projects\\UDEMY_REACT_ZERO_TO_MASTERY_2020\\crown-clothing\\client\\src\\components\\custom-button\\custom-button.component.jsx","statementMap":{"0":{"start":{"line":5,"column":28},"end":{"line":7,"column":1}},"1":{"start":{"line":6,"column":1},"end":{"line":6,"column":69}}},"fnMap":{"0":{"name":"(anonymous_0)","decl":{"start":{"line":5,"column":28},"end":{"line":5,"column":29}},"loc":{"start":{"line":6,"column":1},"end":{"line":6,"column":69}},"line":6}},"branchMap":{},"s":{"0":9,"1":1},"f":{"0":1},"b":{},"_coverageSchema":"43e27e138ebf9cfc5966b082cf9a028302ed4184","hash":"02621ecf02cfc51e155fa346d988e513c30aa47b"}
,"C:\\Users\\domin\\Documents\\My_projects\\UDEMY_REACT_ZERO_TO_MASTERY_2020\\crown-clothing\\client\\src\\components\\directory\\directory.component.jsx": {"path":"C:\\Users\\domin\\Documents\\My_projects\\UDEMY_REACT_ZERO_TO_MASTERY_2020\\crown-clothing\\client\\src\\components\\directory\\directory.component.jsx","statementMap":{"0":{"start":{"line":11,"column":25},"end":{"line":17,"column":1}},"1":{"start":{"line":12,"column":1},"end":{"line":16,"column":26}},"2":{"start":{"line":14,"column":3},"end":{"line":14,"column":47}},"3":{"start":{"line":19,"column":24},"end":{"line":21,"column":2}}},"fnMap":{"0":{"name":"(anonymous_0)","decl":{"start":{"line":11,"column":25},"end":{"line":11,"column":26}},"loc":{"start":{"line":12,"column":1},"end":{"line":16,"column":26}},"line":12},"1":{"name":"(anonymous_1)","decl":{"start":{"line":13,"column":16},"end":{"line":13,"column":17}},"loc":{"start":{"line":14,"column":3},"end":{"line":14,"column":47}},"line":14}},"branchMap":{},"s":{"0":2,"1":1,"2":0,"3":2},"f":{"0":1,"1":0},"b":{},"_coverageSchema":"43e27e138ebf9cfc5966b082cf9a028302ed4184","hash":"1976e011677bfcf3b04febfcd7aedddc2fa6542a"}
,"C:\\Users\\domin\\Documents\\My_projects\\UDEMY_REACT_ZERO_TO_MASTERY_2020\\crown-clothing\\client\\src\\components\\form-input\\form-input.styles.jsx": {"path":"C:\\Users\\domin\\Documents\\My_projects\\UDEMY_REACT_ZERO_TO_MASTERY_2020\\crown-clothing\\client\\src\\components\\form-input\\form-input.styles.jsx","statementMap":{"0":{"start":{"line":3,"column":17},"end":{"line":3,"column":23}},"1":{"start":{"line":4,"column":18},"end":{"line":4,"column":25}},"2":{"start":{"line":6,"column":26},"end":{"line":10,"column":1}},"3":{"start":{"line":12,"column":30},"end":{"line":18,"column":1}},"4":{"start":{"line":20,"column":34},"end":{"line":38,"column":1}},"5":{"start":{"line":40,"column":0},"end":{"line":40,"column":54}},"6":{"start":{"line":42,"column":30},"end":{"line":54,"column":1}},"7":{"start":{"line":56,"column":0},"end":{"line":56,"column":46}}},"fnMap":{},"branchMap":{},"s":{"0":2,"1":2,"2":2,"3":2,"4":2,"5":2,"6":2,"7":2},"f":{},"b":{},"_coverageSchema":"43e27e138ebf9cfc5966b082cf9a028302ed4184","hash":"7f67f660ceaef764bd824f9c06dbb49c946cbddb"}
,"C:\\Users\\domin\\Documents\\My_projects\\UDEMY_REACT_ZERO_TO_MASTERY_2020\\crown-clothing\\client\\src\\components\\header\\header.component.jsx": {"path":"C:\\Users\\domin\\Documents\\My_projects\\UDEMY_REACT_ZERO_TO_MASTERY_2020\\crown-clothing\\client\\src\\components\\header\\header.component.jsx","statementMap":{"0":{"start":{"line":20,"column":22},"end":{"line":39,"column":1}},"1":{"start":{"line":21,"column":1},"end":{"line":38,"column":19}},"2":{"start":{"line":41,"column":24},"end":{"line":44,"column":2}},"3":{"start":{"line":46,"column":27},"end":{"line":48,"column":2}},"4":{"start":{"line":46,"column":40},"end":{"line":48,"column":1}},"5":{"start":{"line":47,"column":21},"end":{"line":47,"column":45}}},"fnMap":{"0":{"name":"(anonymous_0)","decl":{"start":{"line":20,"column":22},"end":{"line":20,"column":23}},"loc":{"start":{"line":21,"column":1},"end":{"line":38,"column":19}},"line":21},"1":{"name":"(anonymous_1)","decl":{"start":{"line":46,"column":27},"end":{"line":46,"column":28}},"loc":{"start":{"line":46,"column":40},"end":{"line":48,"column":1}},"line":46},"2":{"name":"(anonymous_2)","decl":{"start":{"line":47,"column":15},"end":{"line":47,"column":16}},"loc":{"start":{"line":47,"column":21},"end":{"line":47,"column":45}},"line":47}},"branchMap":{"0":{"loc":{"start":{"line":28,"column":4},"end":{"line":34,"column":4}},"type":"cond-expr","locations":[{"start":{"line":29,"column":4},"end":{"line":31,"column":17}},{"start":{"line":33,"column":4},"end":{"line":33,"column":49}}],"line":28},"1":{"loc":{"start":{"line":37,"column":3},"end":{"line":37,"column":35}},"type":"cond-expr","locations":[{"start":{"line":37,"column":12},"end":{"line":37,"column":16}},{"start":{"line":37,"column":19},"end":{"line":37,"column":35}}],"line":37}},"s":{"0":1,"1":8,"2":1,"3":1,"4":0,"5":0},"f":{"0":8,"1":0,"2":0},"b":{"0":[6,2],"1":[7,1]},"_coverageSchema":"43e27e138ebf9cfc5966b082cf9a028302ed4184","hash":"aac969ba842d5606450cea8ea0eb0c8dfa4eb714"}
,"C:\\Users\\domin\\Documents\\My_projects\\UDEMY_REACT_ZERO_TO_MASTERY_2020\\crown-clothing\\client\\src\\components\\header\\header.styles.jsx": {"path":"C:\\Users\\domin\\Documents\\My_projects\\UDEMY_REACT_ZERO_TO_MASTERY_2020\\crown-clothing\\client\\src\\components\\header\\header.styles.jsx","statementMap":{"0":{"start":{"line":4,"column":31},"end":{"line":16,"column":1}},"1":{"start":{"line":18,"column":29},"end":{"line":27,"column":1}},"2":{"start":{"line":29,"column":32},"end":{"line":39,"column":1}},"3":{"start":{"line":41,"column":26},"end":{"line":44,"column":1}},"4":{"start":{"line":46,"column":0},"end":{"line":46,"column":38}}},"fnMap":{},"branchMap":{},"s":{"0":1,"1":1,"2":1,"3":1,"4":1},"f":{},"b":{},"_coverageSchema":"43e27e138ebf9cfc5966b082cf9a028302ed4184","hash":"f73865bfcbfa287d45943d96aac9146adb39605f"}
,"C:\\Users\\domin\\Documents\\My_projects\\UDEMY_REACT_ZERO_TO_MASTERY_2020\\crown-clothing\\client\\src\\components\\menu-item\\menu-item.component.jsx": {"path":"C:\\Users\\domin\\Documents\\My_projects\\UDEMY_REACT_ZERO_TO_MASTERY_2020\\crown-clothing\\client\\src\\components\\menu-item\\menu-item.component.jsx","statementMap":{"0":{"start":{"line":12,"column":24},"end":{"line":33,"column":1}},"1":{"start":{"line":20,"column":1},"end":{"line":32,"column":21}},"2":{"start":{"line":22,"column":17},"end":{"line":22,"column":55}}},"fnMap":{"0":{"name":"(anonymous_0)","decl":{"start":{"line":12,"column":24},"end":{"line":12,"column":25}},"loc":{"start":{"line":20,"column":1},"end":{"line":32,"column":21}},"line":20},"1":{"name":"(anonymous_1)","decl":{"start":{"line":22,"column":11},"end":{"line":22,"column":12}},"loc":{"start":{"line":22,"column":17},"end":{"line":22,"column":55}},"line":22}},"branchMap":{},"s":{"0":3,"1":4,"2":1},"f":{"0":4,"1":1},"b":{},"_coverageSchema":"43e27e138ebf9cfc5966b082cf9a028302ed4184","hash":"0041598a4e013dbcd8b53f9984d223b1749d97bd"}
,"C:\\Users\\domin\\Documents\\My_projects\\UDEMY_REACT_ZERO_TO_MASTERY_2020\\crown-clothing\\client\\src\\components\\menu-item\\menu-item.styles.jsx": {"path":"C:\\Users\\domin\\Documents\\My_projects\\UDEMY_REACT_ZERO_TO_MASTERY_2020\\crown-clothing\\client\\src\\components\\menu-item\\menu-item.styles.jsx","statementMap":{"0":{"start":{"line":3,"column":33},"end":{"line":34,"column":1}},"1":{"start":{"line":4,"column":26},"end":{"line":4,"column":50}},"2":{"start":{"line":36,"column":0},"end":{"line":36,"column":52}},"3":{"start":{"line":38,"column":40},"end":{"line":44,"column":1}},"4":{"start":{"line":43,"column":39},"end":{"line":43,"column":57}},"5":{"start":{"line":46,"column":0},"end":{"line":46,"column":66}},"6":{"start":{"line":48,"column":32},"end":{"line":59,"column":1}},"7":{"start":{"line":61,"column":28},"end":{"line":66,"column":1}},"8":{"start":{"line":68,"column":31},"end":{"line":71,"column":1}}},"fnMap":{"0":{"name":"(anonymous_0)","decl":{"start":{"line":4,"column":11},"end":{"line":4,"column":12}},"loc":{"start":{"line":4,"column":26},"end":{"line":4,"column":50}},"line":4},"1":{"name":"(anonymous_1)","decl":{"start":{"line":43,"column":21},"end":{"line":43,"column":22}},"loc":{"start":{"line":43,"column":39},"end":{"line":43,"column":57}},"line":43}},"branchMap":{"0":{"loc":{"start":{"line":4,"column":26},"end":{"line":4,"column":50}},"type":"cond-expr","locations":[{"start":{"line":4,"column":33},"end":{"line":4,"column":40}},{"start":{"line":4,"column":43},"end":{"line":4,"column":50}}],"line":4}},"s":{"0":3,"1":0,"2":3,"3":3,"4":0,"5":3,"6":3,"7":3,"8":3},"f":{"0":0,"1":0},"b":{"0":[0,0]},"_coverageSchema":"43e27e138ebf9cfc5966b082cf9a028302ed4184","hash":"45bd589180b4432464798db9b6d507d41b9c58b4"}
,"C:\\Users\\domin\\Documents\\My_projects\\UDEMY_REACT_ZERO_TO_MASTERY_2020\\crown-clothing\\client\\src\\pages\\checkout\\checkout.component.jsx": {"path":"C:\\Users\\domin\\Documents\\My_projects\\UDEMY_REACT_ZERO_TO_MASTERY_2020\\crown-clothing\\client\\src\\pages\\checkout\\checkout.component.jsx","statementMap":{"0":{"start":{"line":21,"column":28},"end":{"line":51,"column":1}},"1":{"start":{"line":22,"column":1},"end":{"line":50,"column":25}},"2":{"start":{"line":41,"column":3},"end":{"line":41,"column":57}},"3":{"start":{"line":53,"column":24},"end":{"line":56,"column":2}}},"fnMap":{"0":{"name":"(anonymous_0)","decl":{"start":{"line":21,"column":28},"end":{"line":21,"column":29}},"loc":{"start":{"line":22,"column":1},"end":{"line":50,"column":25}},"line":22},"1":{"name":"(anonymous_1)","decl":{"start":{"line":40,"column":17},"end":{"line":40,"column":18}},"loc":{"start":{"line":41,"column":3},"end":{"line":41,"column":57}},"line":41}},"branchMap":{},"s":{"0":1,"1":1,"2":0,"3":1},"f":{"0":1,"1":0},"b":{},"_coverageSchema":"43e27e138ebf9cfc5966b082cf9a028302ed4184","hash":"22cf4e3bd89e5f1729325fe971e96763b6fab2c6"}
,"C:\\Users\\domin\\Documents\\My_projects\\UDEMY_REACT_ZERO_TO_MASTERY_2020\\crown-clothing\\client\\src\\pages\\collection\\collection.component.jsx": {"path":"C:\\Users\\domin\\Documents\\My_projects\\UDEMY_REACT_ZERO_TO_MASTERY_2020\\crown-clothing\\client\\src\\pages\\collection\\collection.component.jsx","statementMap":{"0":{"start":{"line":14,"column":30},"end":{"line":26,"column":1}},"1":{"start":{"line":15,"column":26},"end":{"line":15,"column":36}},"2":{"start":{"line":16,"column":1},"end":{"line":25,"column":3}},"3":{"start":{"line":21,"column":5},"end":{"line":21,"column":49}},"4":{"start":{"line":28,"column":24},"end":{"line":30,"column":2}},"5":{"start":{"line":28,"column":46},"end":{"line":30,"column":1}}},"fnMap":{"0":{"name":"(anonymous_0)","decl":{"start":{"line":14,"column":30},"end":{"line":14,"column":31}},"loc":{"start":{"line":14,"column":50},"end":{"line":26,"column":1}},"line":14},"1":{"name":"(anonymous_1)","decl":{"start":{"line":20,"column":15},"end":{"line":20,"column":16}},"loc":{"start":{"line":21,"column":5},"end":{"line":21,"column":49}},"line":21},"2":{"name":"(anonymous_2)","decl":{"start":{"line":28,"column":24},"end":{"line":28,"column":25}},"loc":{"start":{"line":28,"column":46},"end":{"line":30,"column":1}},"line":28}},"branchMap":{},"s":{"0":1,"1":2,"2":2,"3":6,"4":1,"5":0},"f":{"0":2,"1":6,"2":0},"b":{},"_coverageSchema":"43e27e138ebf9cfc5966b082cf9a028302ed4184","hash":"8ea668329159833f9cd639c77f27dab0e26cfa57"}
,"C:\\Users\\domin\\Documents\\My_projects\\UDEMY_REACT_ZERO_TO_MASTERY_2020\\crown-clothing\\client\\src\\pages\\collection\\collection.styles.jsx": {"path":"C:\\Users\\domin\\Documents\\My_projects\\UDEMY_REACT_ZERO_TO_MASTERY_2020\\crown-clothing\\client\\src\\pages\\collection\\collection.styles.jsx","statementMap":{"0":{"start":{"line":3,"column":39},"end":{"line":7,"column":1}},"1":{"start":{"line":9,"column":31},"end":{"line":12,"column":1}},"2":{"start":{"line":14,"column":40},"end":{"line":25,"column":1}},"3":{"start":{"line":27,"column":0},"end":{"line":27,"column":66}}},"fnMap":{},"branchMap":{},"s":{"0":1,"1":1,"2":1,"3":1},"f":{},"b":{},"_coverageSchema":"43e27e138ebf9cfc5966b082cf9a028302ed4184","hash":"722e1f5c501bbddf084e9e8945461e5c7ebf9273"}
,"C:\\Users\\domin\\Documents\\My_projects\\UDEMY_REACT_ZERO_TO_MASTERY_2020\\crown-clothing\\client\\src\\pages\\homepage\\homepage.component.jsx": {"path":"C:\\Users\\domin\\Documents\\My_projects\\UDEMY_REACT_ZERO_TO_MASTERY_2020\\crown-clothing\\client\\src\\pages\\homepage\\homepage.component.jsx","statementMap":{"0":{"start":{"line":6,"column":17},"end":{"line":19,"column":1}},"1":{"start":{"line":7,"column":1},"end":{"line":18,"column":3}},"2":{"start":{"line":12,"column":5},"end":{"line":12,"column":48}}},"fnMap":{"0":{"name":"(anonymous_0)","decl":{"start":{"line":6,"column":17},"end":{"line":6,"column":18}},"loc":{"start":{"line":6,"column":23},"end":{"line":19,"column":1}},"line":6},"1":{"name":"(anonymous_1)","decl":{"start":{"line":11,"column":14},"end":{"line":11,"column":15}},"loc":{"start":{"line":11,"column":45},"end":{"line":13,"column":5}},"line":11}},"branchMap":{},"s":{"0":1,"1":1,"2":0},"f":{"0":1,"1":0},"b":{},"_coverageSchema":"43e27e138ebf9cfc5966b082cf9a028302ed4184","hash":"59ef758e0aa248a75a62d0b17e0084d037057a80"}
,"C:\\Users\\domin\\Documents\\My_projects\\UDEMY_REACT_ZERO_TO_MASTERY_2020\\crown-clothing\\client\\src\\pages\\shop\\shop.component.jsx": {"path":"C:\\Users\\domin\\Documents\\My_projects\\UDEMY_REACT_ZERO_TO_MASTERY_2020\\crown-clothing\\client\\src\\pages\\shop\\shop.component.jsx","statementMap":{"0":{"start":{"line":11,"column":37},"end":{"line":13,"column":1}},"1":{"start":{"line":12,"column":1},"end":{"line":12,"column":79}},"2":{"start":{"line":15,"column":32},"end":{"line":17,"column":1}},"3":{"start":{"line":16,"column":1},"end":{"line":16,"column":45}},"4":{"start":{"line":19,"column":24},"end":{"line":39,"column":1}},"5":{"start":{"line":20,"column":1},"end":{"line":22,"column":29}},"6":{"start":{"line":21,"column":2},"end":{"line":21,"column":26}},"7":{"start":{"line":24,"column":1},"end":{"line":38,"column":3}},"8":{"start":{"line":41,"column":27},"end":{"line":43,"column":2}},"9":{"start":{"line":41,"column":40},"end":{"line":43,"column":1}},"10":{"start":{"line":42,"column":30},"end":{"line":42,"column":63}}},"fnMap":{"0":{"name":"(anonymous_0)","decl":{"start":{"line":11,"column":42},"end":{"line":11,"column":43}},"loc":{"start":{"line":12,"column":1},"end":{"line":12,"column":79}},"line":12},"1":{"name":"(anonymous_1)","decl":{"start":{"line":15,"column":37},"end":{"line":15,"column":38}},"loc":{"start":{"line":16,"column":1},"end":{"line":16,"column":45}},"line":16},"2":{"name":"(anonymous_2)","decl":{"start":{"line":19,"column":24},"end":{"line":19,"column":25}},"loc":{"start":{"line":19,"column":62},"end":{"line":39,"column":1}},"line":19},"3":{"name":"(anonymous_3)","decl":{"start":{"line":20,"column":11},"end":{"line":20,"column":12}},"loc":{"start":{"line":20,"column":17},"end":{"line":22,"column":2}},"line":20},"4":{"name":"(anonymous_4)","decl":{"start":{"line":41,"column":27},"end":{"line":41,"column":28}},"loc":{"start":{"line":41,"column":40},"end":{"line":43,"column":1}},"line":41},"5":{"name":"(anonymous_5)","decl":{"start":{"line":42,"column":24},"end":{"line":42,"column":25}},"loc":{"start":{"line":42,"column":30},"end":{"line":42,"column":63}},"line":42}},"branchMap":{},"s":{"0":1,"1":1,"2":1,"3":0,"4":1,"5":2,"6":2,"7":2,"8":1,"9":0,"10":0},"f":{"0":1,"1":0,"2":2,"3":2,"4":0,"5":0},"b":{},"_coverageSchema":"43e27e138ebf9cfc5966b082cf9a028302ed4184","hash":"ad06a4ab6ee68cb2afb476ef9c7a621cab2314a1"}
}
