TN:
SF:C:\Users\domin\Documents\My_projects\UDEMY_REACT_ZERO_TO_MASTERY_2020\crown-clothing\client\src\components\cart-dropdown\cart-dropdown.component.jsx
FN:17,(anonymous_0)
FN:21,(anonymous_1)
FN:29,(anonymous_2)
FNF:3
FNH:3
FNDA:5,(anonymous_0)
FNDA:12,(anonymous_1)
FNDA:1,(anonymous_2)
DA:17,2
DA:18,5
DA:22,12
DA:30,1
DA:31,1
DA:39,2
LF:6
LH:6
BRDA:20,0,0,4
BRDA:20,0,1,1
BRF:2
BRH:2
end_of_record
TN:
SF:C:\Users\domin\Documents\My_projects\UDEMY_REACT_ZERO_TO_MASTERY_2020\crown-clothing\client\src\components\cart-dropdown\cart-dropdown.styles.jsx
FNF:0
FNH:0
DA:4,2
DA:18,2
DA:22,2
DA:24,2
DA:29,2
DA:31,2
LF:6
LH:6
BRF:0
BRH:0
end_of_record
TN:
SF:C:\Users\domin\Documents\My_projects\UDEMY_REACT_ZERO_TO_MASTERY_2020\crown-clothing\client\src\components\cart-icon\cart-icon.component.jsx
FN:14,(anonymous_0)
FN:21,(anonymous_1)
FN:22,(anonymous_2)
FNF:3
FNH:1
FNDA:3,(anonymous_0)
FNDA:0,(anonymous_1)
FNDA:0,(anonymous_2)
DA:14,2
DA:15,3
DA:21,2
DA:22,0
DA:25,2
LF:5
LH:4
BRF:0
BRH:0
end_of_record
TN:
SF:C:\Users\domin\Documents\My_projects\UDEMY_REACT_ZERO_TO_MASTERY_2020\crown-clothing\client\src\components\cart-icon\cart-icon.styles.jsx
FNF:0
FNH:0
DA:5,2
DA:15,2
DA:17,2
DA:22,2
DA:29,2
LF:5
LH:5
BRF:0
BRH:0
end_of_record
TN:
SF:C:\Users\domin\Documents\My_projects\UDEMY_REACT_ZERO_TO_MASTERY_2020\crown-clothing\client\src\components\checkout-item\checkout-item.component.jsx
FN:18,(anonymous_0)
FN:27,(anonymous_1)
FN:29,(anonymous_2)
FN:32,(anonymous_3)
FN:39,(anonymous_4)
FN:40,(anonymous_5)
FN:41,(anonymous_6)
FN:42,(anonymous_7)
FNF:8
FNH:4
FNDA:4,(anonymous_0)
FNDA:1,(anonymous_1)
FNDA:1,(anonymous_2)
FNDA:1,(anonymous_3)
FNDA:0,(anonymous_4)
FNDA:0,(anonymous_5)
FNDA:0,(anonymous_6)
FNDA:0,(anonymous_7)
DA:18,2
DA:19,4
DA:20,4
DA:27,1
DA:29,1
DA:32,1
DA:39,2
DA:40,0
DA:41,0
DA:42,0
LF:10
LH:7
BRF:0
BRH:0
end_of_record
TN:
SF:C:\Users\domin\Documents\My_projects\UDEMY_REACT_ZERO_TO_MASTERY_2020\crown-clothing\client\src\components\checkout-item\checkout-item.styles.jsx
FNF:0
FNH:0
DA:3,2
DA:16,2
DA:25,2
DA:32,2
DA:42,2
DA:44,2
DA:49,2
LF:7
LH:7
BRF:0
BRH:0
end_of_record
TN:
SF:C:\Users\domin\Documents\My_projects\UDEMY_REACT_ZERO_TO_MASTERY_2020\crown-clothing\client\src\components\collection-item\collection-item.component.jsx
FN:15,(anonymous_0)
FN:25,(anonymous_1)
FN:32,(anonymous_2)
FN:33,(anonymous_3)
FNF:4
FNH:2
FNDA:5,(anonymous_0)
FNDA:1,(anonymous_1)
FNDA:0,(anonymous_2)
FNDA:0,(anonymous_3)
DA:15,5
DA:16,5
DA:18,5
DA:25,1
DA:32,5
DA:33,0
LF:6
LH:5
BRF:0
BRH:0
end_of_record
TN:
SF:C:\Users\domin\Documents\My_projects\UDEMY_REACT_ZERO_TO_MASTERY_2020\crown-clothing\client\src\components\collection-item\collection-item.styles.jsx
FN:55,(anonymous_0)
FNF:1
FNH:0
FNDA:0,(anonymous_0)
DA:4,5
DA:33,5
DA:47,5
DA:49,5
DA:55,0
DA:58,5
DA:60,5
DA:68,5
DA:70,5
DA:75,5
DA:77,5
DA:82,5
LF:12
LH:11
BRF:0
BRH:0
end_of_record
TN:
SF:C:\Users\domin\Documents\My_projects\UDEMY_REACT_ZERO_TO_MASTERY_2020\crown-clothing\client\src\components\collection-preview\collection-preview.component.jsx
FN:12,(anonymous_0)
FN:20,(anonymous_1)
FN:25,(anonymous_2)
FN:26,(anonymous_3)
FNF:4
FNH:2
FNDA:2,(anonymous_0)
FNDA:1,(anonymous_1)
FNDA:0,(anonymous_2)
FNDA:0,(anonymous_3)
DA:12,3
DA:19,2
DA:20,1
DA:25,0
DA:27,0
LF:5
LH:3
BRF:0
BRH:0
end_of_record
TN:
SF:C:\Users\domin\Documents\My_projects\UDEMY_REACT_ZERO_TO_MASTERY_2020\crown-clothing\client\src\components\collection-preview\collection-preview.styles.jsx
FNF:0
FNH:0
DA:3,3
DA:12,3
DA:21,3
DA:23,3
LF:4
LH:4
BRF:0
BRH:0
end_of_record
TN:
SF:C:\Users\domin\Documents\My_projects\UDEMY_REACT_ZERO_TO_MASTERY_2020\crown-clothing\client\src\components\collections-overview\collections-overview.component.jsx
FN:11,(anonymous_0)
FN:13,(anonymous_1)
FNF:2
FNH:1
FNDA:1,(anonymous_0)
FNDA:0,(anonymous_1)
DA:11,2
DA:12,1
DA:14,0
DA:19,2
LF:4
LH:3
BRF:0
BRH:0
end_of_record
TN:
SF:C:\Users\domin\Documents\My_projects\UDEMY_REACT_ZERO_TO_MASTERY_2020\crown-clothing\client\src\components\custom-button\custom-button.component.jsx
FN:5,(anonymous_0)
FNF:1
FNH:1
FNDA:1,(anonymous_0)
DA:5,9
DA:6,1
LF:2
LH:2
BRF:0
BRH:0
end_of_record
TN:
SF:C:\Users\domin\Documents\My_projects\UDEMY_REACT_ZERO_TO_MASTERY_2020\crown-clothing\client\src\components\directory\directory.component.jsx
FN:11,(anonymous_0)
FN:13,(anonymous_1)
FNF:2
FNH:1
FNDA:1,(anonymous_0)
FNDA:0,(anonymous_1)
DA:11,2
DA:12,1
DA:14,0
DA:19,2
LF:4
LH:3
BRF:0
BRH:0
end_of_record
TN:
SF:C:\Users\domin\Documents\My_projects\UDEMY_REACT_ZERO_TO_MASTERY_2020\crown-clothing\client\src\components\form-input\form-input.styles.jsx
FNF:0
FNH:0
DA:3,2
DA:4,2
DA:6,2
DA:12,2
DA:20,2
DA:40,2
DA:42,2
DA:56,2
LF:8
LH:8
BRF:0
BRH:0
end_of_record
TN:
SF:C:\Users\domin\Documents\My_projects\UDEMY_REACT_ZERO_TO_MASTERY_2020\crown-clothing\client\src\components\header\header.component.jsx
FN:20,(anonymous_0)
FN:46,(anonymous_1)
FN:47,(anonymous_2)
FNF:3
FNH:1
FNDA:8,(anonymous_0)
FNDA:0,(anonymous_1)
FNDA:0,(anonymous_2)
DA:20,1
DA:21,8
DA:41,1
DA:46,1
DA:47,0
LF:5
LH:4
BRDA:28,0,0,6
BRDA:28,0,1,2
BRDA:37,1,0,7
BRDA:37,1,1,1
BRF:4
BRH:4
end_of_record
TN:
SF:C:\Users\domin\Documents\My_projects\UDEMY_REACT_ZERO_TO_MASTERY_2020\crown-clothing\client\src\components\header\header.styles.jsx
FNF:0
FNH:0
DA:4,1
DA:18,1
DA:29,1
DA:41,1
DA:46,1
LF:5
LH:5
BRF:0
BRH:0
end_of_record
TN:
SF:C:\Users\domin\Documents\My_projects\UDEMY_REACT_ZERO_TO_MASTERY_2020\crown-clothing\client\src\components\menu-item\menu-item.component.jsx
FN:12,(anonymous_0)
FN:22,(anonymous_1)
FNF:2
FNH:2
FNDA:4,(anonymous_0)
FNDA:1,(anonymous_1)
DA:12,3
DA:20,4
DA:22,1
LF:3
LH:3
BRF:0
BRH:0
end_of_record
TN:
SF:C:\Users\domin\Documents\My_projects\UDEMY_REACT_ZERO_TO_MASTERY_2020\crown-clothing\client\src\components\menu-item\menu-item.styles.jsx
FN:4,(anonymous_0)
FN:43,(anonymous_1)
FNF:2
FNH:0
FNDA:0,(anonymous_0)
FNDA:0,(anonymous_1)
DA:3,3
DA:4,0
DA:36,3
DA:38,3
DA:43,0
DA:46,3
DA:48,3
DA:61,3
DA:68,3
LF:9
LH:7
BRDA:4,0,0,0
BRDA:4,0,1,0
BRF:2
BRH:0
end_of_record
TN:
SF:C:\Users\domin\Documents\My_projects\UDEMY_REACT_ZERO_TO_MASTERY_2020\crown-clothing\client\src\pages\checkout\checkout.component.jsx
FN:21,(anonymous_0)
FN:40,(anonymous_1)
FNF:2
FNH:1
FNDA:1,(anonymous_0)
FNDA:0,(anonymous_1)
DA:21,1
DA:22,1
DA:41,0
DA:53,1
LF:4
LH:3
BRF:0
BRH:0
end_of_record
TN:
SF:C:\Users\domin\Documents\My_projects\UDEMY_REACT_ZERO_TO_MASTERY_2020\crown-clothing\client\src\pages\collection\collection.component.jsx
FN:14,(anonymous_0)
FN:20,(anonymous_1)
FN:28,(anonymous_2)
FNF:3
FNH:2
FNDA:2,(anonymous_0)
FNDA:6,(anonymous_1)
FNDA:0,(anonymous_2)
DA:14,1
DA:15,2
DA:16,2
DA:21,6
DA:28,1
LF:5
LH:5
BRF:0
BRH:0
end_of_record
TN:
SF:C:\Users\domin\Documents\My_projects\UDEMY_REACT_ZERO_TO_MASTERY_2020\crown-clothing\client\src\pages\collection\collection.styles.jsx
FNF:0
FNH:0
DA:3,1
DA:9,1
DA:14,1
DA:27,1
LF:4
LH:4
BRF:0
BRH:0
end_of_record
TN:
SF:C:\Users\domin\Documents\My_projects\UDEMY_REACT_ZERO_TO_MASTERY_2020\crown-clothing\client\src\pages\homepage\homepage.component.jsx
FN:6,(anonymous_0)
FN:11,(anonymous_1)
FNF:2
FNH:1
FNDA:1,(anonymous_0)
FNDA:0,(anonymous_1)
DA:6,1
DA:7,1
DA:12,0
LF:3
LH:2
BRF:0
BRH:0
end_of_record
TN:
SF:C:\Users\domin\Documents\My_projects\UDEMY_REACT_ZERO_TO_MASTERY_2020\crown-clothing\client\src\pages\shop\shop.component.jsx
FN:11,(anonymous_0)
FN:15,(anonymous_1)
FN:19,(anonymous_2)
FN:20,(anonymous_3)
FN:41,(anonymous_4)
FN:42,(anonymous_5)
FNF:6
FNH:3
FNDA:1,(anonymous_0)
FNDA:0,(anonymous_1)
FNDA:2,(anonymous_2)
FNDA:2,(anonymous_3)
FNDA:0,(anonymous_4)
FNDA:0,(anonymous_5)
DA:11,1
DA:12,1
DA:15,1
DA:16,0
DA:19,1
DA:20,2
DA:21,2
DA:24,2
DA:41,1
DA:42,0
LF:10
LH:8
BRF:0
BRH:0
end_of_record
